[debug] [2022-05-02T21:49:44.531Z] ----------------------------------------------------------------------
[debug] [2022-05-02T21:49:44.535Z] Command:       C:\Program Files\nodejs\node.exe C:\Users\abi_9\AppData\Roaming\npm\node_modules\firebase-tools\lib\bin\firebase.js init
[debug] [2022-05-02T21:49:44.536Z] CLI Version:   10.7.2
[debug] [2022-05-02T21:49:44.536Z] Platform:      win32
[debug] [2022-05-02T21:49:44.536Z] Node Version:  v16.14.2
[debug] [2022-05-02T21:49:44.537Z] Time:          Mon May 02 2022 16:49:44 GMT-0500 (hora de Ecuador)
[debug] [2022-05-02T21:49:44.537Z] ----------------------------------------------------------------------
[debug] 
[debug] [2022-05-02T21:49:44.554Z] > command requires scopes: ["email","openid","https://www.googleapis.com/auth/cloudplatformprojects.readonly","https://www.googleapis.com/auth/firebase","https://www.googleapis.com/auth/cloud-platform"]
[debug] [2022-05-02T21:49:44.555Z] > authorizing via signed-in user (violetamaldonador@gmail.com)
[info] 
     ######## #### ########  ######## ########     ###     ######  ########
     ##        ##  ##     ## ##       ##     ##  ##   ##  ##       ##
     ######    ##  ########  ######   ########  #########  ######  ######
     ##        ##  ##    ##  ##       ##     ## ##     ##       ## ##
     ##       #### ##     ## ######## ########  ##     ##  ######  ########

You're about to initialize a Firebase project in this directory:

  C:\Users\abi_9\VisualStudio\React\pert

[info] 
=== Project Setup
[info] 
[info] First, let's associate this project directory with a Firebase project.
[info] You can create multiple project aliases by running firebase use --add, 
[info] but for now we'll just set up a default project.
[info] 
[info] i  If you want to create a project in a Google Cloud organization or folder, please use "firebase projects:create" instead, and return to this command when you've created the project. 
[debug] [2022-05-02T21:53:27.129Z] > refreshing access token with scopes: ["email","https://www.googleapis.com/auth/cloud-platform","https://www.googleapis.com/auth/cloudplatformprojects.readonly","https://www.googleapis.com/auth/firebase","openid"]
[debug] [2022-05-02T21:53:27.130Z] >>> HTTP REQUEST POST https://www.googleapis.com/oauth2/v3/token  
 <request body omitted>
[debug] [2022-05-02T21:53:27.378Z] <<< HTTP RESPONSE 200 {"expires":"Mon, 01 Jan 1990 00:00:00 GMT","pragma":"no-cache","cache-control":"no-cache, no-store, max-age=0, must-revalidate","date":"Mon, 02 May 2022 21:53:25 GMT","content-type":"application/json; charset=utf-8","vary":"X-Origin, Referer, Origin,Accept-Encoding","server":"scaffolding on HTTPServer2","x-xss-protection":"0","x-frame-options":"SAMEORIGIN","x-content-type-options":"nosniff","alt-svc":"h3=\":443\"; ma=2592000,h3-29=\":443\"; ma=2592000,h3-Q050=\":443\"; ma=2592000,h3-Q046=\":443\"; ma=2592000,h3-Q043=\":443\"; ma=2592000,quic=\":443\"; ma=2592000; v=\"46,43\"","accept-ranges":"none","transfer-encoding":"chunked"}
[debug] [2022-05-02T21:53:27.567Z] >>> HTTP REQUEST POST https://cloudresourcemanager.googleapis.com/v1/projects  
 {"projectId":"calc-pert-app","name":"calc-pert-app"}
[debug] [2022-05-02T21:53:28.235Z] <<< HTTP RESPONSE 200 {"content-type":"application/json; charset=UTF-8","vary":"X-Origin, Referer, Origin,Accept-Encoding","date":"Mon, 02 May 2022 21:53:26 GMT","server":"ESF","cache-control":"private","x-xss-protection":"0","x-frame-options":"SAMEORIGIN","x-content-type-options":"nosniff","server-timing":"gfet4t7; dur=461","alt-svc":"h3=\":443\"; ma=2592000,h3-29=\":443\"; ma=2592000,h3-Q050=\":443\"; ma=2592000,h3-Q046=\":443\"; ma=2592000,h3-Q043=\":443\"; ma=2592000,quic=\":443\"; ma=2592000; v=\"46,43\"","accept-ranges":"none","transfer-encoding":"chunked"}
[debug] [2022-05-02T21:53:28.248Z] > refreshing access token with scopes: []
[debug] [2022-05-02T21:53:28.249Z] >>> HTTP REQUEST POST https://www.googleapis.com/oauth2/v3/token  
 <request body omitted>
[debug] [2022-05-02T21:53:28.442Z] <<< HTTP RESPONSE 200 {"cache-control":"no-cache, no-store, max-age=0, must-revalidate","pragma":"no-cache","date":"Mon, 02 May 2022 21:53:26 GMT","expires":"Mon, 01 Jan 1990 00:00:00 GMT","content-type":"application/json; charset=utf-8","vary":"X-Origin, Referer, Origin,Accept-Encoding","server":"scaffolding on HTTPServer2","x-xss-protection":"0","x-frame-options":"SAMEORIGIN","x-content-type-options":"nosniff","alt-svc":"h3=\":443\"; ma=2592000,h3-29=\":443\"; ma=2592000,h3-Q050=\":443\"; ma=2592000,h3-Q046=\":443\"; ma=2592000,h3-Q043=\":443\"; ma=2592000,quic=\":443\"; ma=2592000; v=\"46,43\"","accept-ranges":"none","transfer-encoding":"chunked"}
[debug] [2022-05-02T21:53:28.535Z] >>> [apiv2][query] GET https://cloudresourcemanager.googleapis.com/v1/operations/cp.6037986645170030983 [none]
[debug] [2022-05-02T21:53:29.111Z] <<< [apiv2][status] GET https://cloudresourcemanager.googleapis.com/v1/operations/cp.6037986645170030983 200
[debug] [2022-05-02T21:53:29.112Z] <<< [apiv2][body] GET https://cloudresourcemanager.googleapis.com/v1/operations/cp.6037986645170030983 {"name":"operations/cp.6037986645170030983"}
[debug] [2022-05-02T21:53:29.614Z] [Project Creation Poller] Retrying task index 0
[debug] [2022-05-02T21:53:29.615Z] >>> [apiv2][query] GET https://cloudresourcemanager.googleapis.com/v1/operations/cp.6037986645170030983 [none]
[debug] [2022-05-02T21:53:30.198Z] <<< [apiv2][status] GET https://cloudresourcemanager.googleapis.com/v1/operations/cp.6037986645170030983 200
[debug] [2022-05-02T21:53:30.198Z] <<< [apiv2][body] GET https://cloudresourcemanager.googleapis.com/v1/operations/cp.6037986645170030983 {"name":"operations/cp.6037986645170030983","metadata":{"@type":"type.googleapis.com/google.cloudresourcemanager.v1.ProjectCreationStatus","gettable":true}}
[debug] [2022-05-02T21:53:31.210Z] [Project Creation Poller] Retrying task index 0
[debug] [2022-05-02T21:53:31.211Z] >>> [apiv2][query] GET https://cloudresourcemanager.googleapis.com/v1/operations/cp.6037986645170030983 [none]
[debug] [2022-05-02T21:53:31.820Z] <<< [apiv2][status] GET https://cloudresourcemanager.googleapis.com/v1/operations/cp.6037986645170030983 200
[debug] [2022-05-02T21:53:31.821Z] <<< [apiv2][body] GET https://cloudresourcemanager.googleapis.com/v1/operations/cp.6037986645170030983 {"name":"operations/cp.6037986645170030983","metadata":{"@type":"type.googleapis.com/google.cloudresourcemanager.v1.ProjectCreationStatus","gettable":true,"ready":true},"done":true,"response":{"@type":"type.googleapis.com/google.cloudresourcemanager.v1.Project","projectNumber":"14273396721","projectId":"calc-pert-app","lifecycleState":"ACTIVE","name":"calc-pert-app","createTime":"2022-05-02T21:53:26.697Z"}}
[debug] [2022-05-02T21:53:31.824Z] > refreshing access token with scopes: ["email","https://www.googleapis.com/auth/cloud-platform","https://www.googleapis.com/auth/cloudplatformprojects.readonly","https://www.googleapis.com/auth/firebase","openid"]
[debug] [2022-05-02T21:53:31.825Z] >>> HTTP REQUEST POST https://www.googleapis.com/oauth2/v3/token  
 <request body omitted>
[debug] [2022-05-02T21:53:32.015Z] <<< HTTP RESPONSE 200 {"expires":"Mon, 01 Jan 1990 00:00:00 GMT","date":"Mon, 02 May 2022 21:53:30 GMT","cache-control":"no-cache, no-store, max-age=0, must-revalidate","pragma":"no-cache","content-type":"application/json; charset=utf-8","vary":"X-Origin, Referer, Origin,Accept-Encoding","server":"scaffolding on HTTPServer2","x-xss-protection":"0","x-frame-options":"SAMEORIGIN","x-content-type-options":"nosniff","alt-svc":"h3=\":443\"; ma=2592000,h3-29=\":443\"; ma=2592000,h3-Q050=\":443\"; ma=2592000,h3-Q046=\":443\"; ma=2592000,h3-Q043=\":443\"; ma=2592000,quic=\":443\"; ma=2592000; v=\"46,43\"","accept-ranges":"none","transfer-encoding":"chunked"}
[debug] [2022-05-02T21:53:32.120Z] >>> HTTP REQUEST POST https://firebase.googleapis.com/v1beta1/projects/calc-pert-app:addFirebase  
 
[debug] [2022-05-02T21:53:34.283Z] <<< HTTP RESPONSE 200 {"content-type":"application/json; charset=UTF-8","vary":"X-Origin, Referer, Origin,Accept-Encoding","date":"Mon, 02 May 2022 21:53:32 GMT","server":"ESF","cache-control":"private","x-xss-protection":"0","x-frame-options":"SAMEORIGIN","x-content-type-options":"nosniff","alt-svc":"h3=\":443\"; ma=2592000,h3-29=\":443\"; ma=2592000,h3-Q050=\":443\"; ma=2592000,h3-Q046=\":443\"; ma=2592000,h3-Q043=\":443\"; ma=2592000,quic=\":443\"; ma=2592000; v=\"46,43\"","accept-ranges":"none","transfer-encoding":"chunked"}
[debug] [2022-05-02T21:53:34.284Z] > refreshing access token with scopes: []
[debug] [2022-05-02T21:53:34.284Z] >>> HTTP REQUEST POST https://www.googleapis.com/oauth2/v3/token  
 <request body omitted>
[debug] [2022-05-02T21:53:34.489Z] <<< HTTP RESPONSE 200 {"cache-control":"no-cache, no-store, max-age=0, must-revalidate","date":"Mon, 02 May 2022 21:53:33 GMT","expires":"Mon, 01 Jan 1990 00:00:00 GMT","pragma":"no-cache","content-type":"application/json; charset=utf-8","vary":"X-Origin, Referer, Origin,Accept-Encoding","server":"scaffolding on HTTPServer2","x-xss-protection":"0","x-frame-options":"SAMEORIGIN","x-content-type-options":"nosniff","alt-svc":"h3=\":443\"; ma=2592000,h3-29=\":443\"; ma=2592000,h3-Q050=\":443\"; ma=2592000,h3-Q046=\":443\"; ma=2592000,h3-Q043=\":443\"; ma=2592000,quic=\":443\"; ma=2592000; v=\"46,43\"","accept-ranges":"none","transfer-encoding":"chunked"}
[debug] [2022-05-02T21:53:34.664Z] >>> [apiv2][query] GET https://firebase.googleapis.com/v1beta1/operations/workflows/MmEzM2Q2YjctN2E0ZS00NTY5LTllYzAtMjVkZTAwZDBhYjBk [none]
[debug] [2022-05-02T21:53:35.159Z] <<< [apiv2][status] GET https://firebase.googleapis.com/v1beta1/operations/workflows/MmEzM2Q2YjctN2E0ZS00NTY5LTllYzAtMjVkZTAwZDBhYjBk 200
[debug] [2022-05-02T21:53:35.159Z] <<< [apiv2][body] GET https://firebase.googleapis.com/v1beta1/operations/workflows/MmEzM2Q2YjctN2E0ZS00NTY5LTllYzAtMjVkZTAwZDBhYjBk {"name":"operations/workflows/MmEzM2Q2YjctN2E0ZS00NTY5LTllYzAtMjVkZTAwZDBhYjBk"}
[debug] [2022-05-02T21:53:35.661Z] [Add Firebase Poller] Retrying task index 0
[debug] [2022-05-02T21:53:35.662Z] >>> [apiv2][query] GET https://firebase.googleapis.com/v1beta1/operations/workflows/MmEzM2Q2YjctN2E0ZS00NTY5LTllYzAtMjVkZTAwZDBhYjBk [none]
[debug] [2022-05-02T21:53:36.051Z] <<< [apiv2][status] GET https://firebase.googleapis.com/v1beta1/operations/workflows/MmEzM2Q2YjctN2E0ZS00NTY5LTllYzAtMjVkZTAwZDBhYjBk 200
[debug] [2022-05-02T21:53:36.051Z] <<< [apiv2][body] GET https://firebase.googleapis.com/v1beta1/operations/workflows/MmEzM2Q2YjctN2E0ZS00NTY5LTllYzAtMjVkZTAwZDBhYjBk {"name":"operations/workflows/MmEzM2Q2YjctN2E0ZS00NTY5LTllYzAtMjVkZTAwZDBhYjBk"}
[debug] [2022-05-02T21:53:37.061Z] [Add Firebase Poller] Retrying task index 0
[debug] [2022-05-02T21:53:37.062Z] >>> [apiv2][query] GET https://firebase.googleapis.com/v1beta1/operations/workflows/MmEzM2Q2YjctN2E0ZS00NTY5LTllYzAtMjVkZTAwZDBhYjBk [none]
[debug] [2022-05-02T21:53:37.542Z] <<< [apiv2][status] GET https://firebase.googleapis.com/v1beta1/operations/workflows/MmEzM2Q2YjctN2E0ZS00NTY5LTllYzAtMjVkZTAwZDBhYjBk 200
[debug] [2022-05-02T21:53:37.542Z] <<< [apiv2][body] GET https://firebase.googleapis.com/v1beta1/operations/workflows/MmEzM2Q2YjctN2E0ZS00NTY5LTllYzAtMjVkZTAwZDBhYjBk {"name":"operations/workflows/MmEzM2Q2YjctN2E0ZS00NTY5LTllYzAtMjVkZTAwZDBhYjBk"}
[debug] [2022-05-02T21:53:39.554Z] [Add Firebase Poller] Retrying task index 0
[debug] [2022-05-02T21:53:39.555Z] >>> [apiv2][query] GET https://firebase.googleapis.com/v1beta1/operations/workflows/MmEzM2Q2YjctN2E0ZS00NTY5LTllYzAtMjVkZTAwZDBhYjBk [none]
[debug] [2022-05-02T21:53:39.919Z] <<< [apiv2][status] GET https://firebase.googleapis.com/v1beta1/operations/workflows/MmEzM2Q2YjctN2E0ZS00NTY5LTllYzAtMjVkZTAwZDBhYjBk 200
[debug] [2022-05-02T21:53:39.919Z] <<< [apiv2][body] GET https://firebase.googleapis.com/v1beta1/operations/workflows/MmEzM2Q2YjctN2E0ZS00NTY5LTllYzAtMjVkZTAwZDBhYjBk {"name":"operations/workflows/MmEzM2Q2YjctN2E0ZS00NTY5LTllYzAtMjVkZTAwZDBhYjBk"}
[debug] [2022-05-02T21:53:43.919Z] [Add Firebase Poller] Retrying task index 0
[debug] [2022-05-02T21:53:43.919Z] >>> [apiv2][query] GET https://firebase.googleapis.com/v1beta1/operations/workflows/MmEzM2Q2YjctN2E0ZS00NTY5LTllYzAtMjVkZTAwZDBhYjBk [none]
[debug] [2022-05-02T21:53:44.368Z] <<< [apiv2][status] GET https://firebase.googleapis.com/v1beta1/operations/workflows/MmEzM2Q2YjctN2E0ZS00NTY5LTllYzAtMjVkZTAwZDBhYjBk 200
[debug] [2022-05-02T21:53:44.369Z] <<< [apiv2][body] GET https://firebase.googleapis.com/v1beta1/operations/workflows/MmEzM2Q2YjctN2E0ZS00NTY5LTllYzAtMjVkZTAwZDBhYjBk {"name":"operations/workflows/MmEzM2Q2YjctN2E0ZS00NTY5LTllYzAtMjVkZTAwZDBhYjBk","done":true,"response":{"@type":"type.googleapis.com/google.firebase.service.v1beta1.FirebaseProject","projectId":"calc-pert-app","projectNumber":"14273396721","displayName":"calc-pert-app","name":"projects/calc-pert-app","resources":{"hostingSite":"calc-pert-app"}}}
[info] 
[info] === Your Firebase project is ready! ===
[info] 
[info] Project information:
[info]    - Project ID: calc-pert-app
[info]    - Project Name: calc-pert-app
[info] 
[info] Firebase console is available at
[info] https://console.firebase.google.com/project/calc-pert-app/overview
[info] i  Using project calc-pert-app (calc-pert-app) 
[info] 
=== Hosting Setup
[info] 
[info] Your public directory is the folder (relative to your project directory) that
[info] will contain Hosting assets to be uploaded with firebase deploy. If you
[info] have a build process for your assets, use your build's output directory.
[info] 
